<?xml version="1.0" encoding="UTF-8"?>
<!-- Generated by org.testng.reporters.JUnitReportReporter -->
<testsuite hostname="U0153217-TPD-A" name="com.efkon.assignment.Oractise" tests="1" failures="0" timestamp="16 Oct 2017 04:49:41 GMT" time="0.010" errors="0">
  <testcase name="methidOne" time="0.010" classname="com.efkon.assignment.Oractise"/>
</testsuite> <!-- com.efkon.assignment.Oractise -->
